%!Adobe-FontList 1.16
%Locale:0x407

%BeginFont
Handler:DirectoryHandler
FontType:Invalid
OutlineFileName:C:\Users\salim\Documents\Studium_BackUp\09_2016_2017_WS\Patterns_and_Frameworks_WS_16_17\Projekt\Froggers_Screendesign\Document fonts\Arial
FileModTime:1082628000
%EndFont

%BeginFont
Handler:DirectoryHandler
FontType:TrueType
FontName:ArialNarrow
FamilyName:Arial Narrow
StyleName:Regular
FullName:Arial Narrow
MenuName:Arial Narrow
StyleBits:0
WritingScript:Roman
OutlineFileName:C:\Users\salim\Documents\Studium_BackUp\09_2016_2017_WS\Patterns_and_Frameworks_WS_16_17\Projekt\Froggers_Screendesign\Document fonts\Arial Narrow.ttf
DataFormat:sfntData
FileLength:179492
FileModTime:1426751348
WeightClass:400
WidthClass:3
AngleClass:0
NameArray:0,Mac,4,Arial Narrow
NameArray:0,Win,1,Arial Narrow
%EndFont

%BeginFont
Handler:DirectoryHandler
FontType:Type1
FontName:MinionPro-Regular
FamilyName:Minion Pro
StyleName:Regular
FullName:Minion Pro
MenuName:Minion Pro
StyleBits:0
WritingScript:Roman
OutlineFileName:C:\Users\salim\Documents\Studium_BackUp\09_2016_2017_WS\Patterns_and_Frameworks_WS_16_17\Projekt\Froggers_Screendesign\Document fonts\MinionPro-Regular.otf
DataFormat:sfntData
UsesStandardEncoding:yes
isCFF:yes
FileLength:217280
FileModTime:1342166438
WeightClass:400
WidthClass:5
AngleClass:0
DesignSize:110
NameArray:0,Mac,4,Minion Pro
NameArray:0,Win,1,Minion Pro
%EndFont

